Arguments: 
  /opt/homebrew/Cellar/node/18.7.0/bin/node /opt/homebrew/bin/yarn

PATH: 
  /Users/sandeepsingh/.rvm/gems/ruby-3.0.0/bin:/Users/sandeepsingh/.rvm/gems/ruby-3.0.0@global/bin:/Users/sandeepsingh/.rvm/rubies/ruby-3.0.0/bin:/Users/sandeepsingh/.rvm/bin:/usr/local/opt/libpq/bin:/opt/homebrew/bin:/opt/homebrew/sbin:/usr/local/bin:/usr/bin:/bin:/usr/sbin:/sbin

Yarn version: 
  1.22.19

Node version: 
  18.7.0

Platform: 
  darwin arm64

Trace: 
  Error: https://registry.npmjs.org/heroku-postbuild: Not found
      at params.callback [as _callback] (/opt/homebrew/lib/node_modules/yarn/lib/cli.js:66145:18)
      at self.callback (/opt/homebrew/lib/node_modules/yarn/lib/cli.js:140890:22)
      at Request.emit (node:events:513:28)
      at Request.<anonymous> (/opt/homebrew/lib/node_modules/yarn/lib/cli.js:141862:10)
      at Request.emit (node:events:513:28)
      at IncomingMessage.<anonymous> (/opt/homebrew/lib/node_modules/yarn/lib/cli.js:141784:12)
      at Object.onceWrapper (node:events:627:28)
      at IncomingMessage.emit (node:events:525:35)
      at endReadableNT (node:internal/streams/readable:1359:12)
      at process.processTicksAndRejections (node:internal/process/task_queues:82:21)

npm manifest: 
  {
    "name": "app",
    "private": "true",
    "dependencies": {
      "@popperjs/core": "^2.11.5",
      "@rails/actiontext": "^7.0.3-1",
      "bootstrap": "^5.2.0",
      "bootstrap-icons": "^1.9.1",
      "sass": "^1.54.3",
      "trix": "^2.0.0-beta.0",
      "heroku-postbuild": "npm run build"
    },
    "scripts": {
      "build:css": "sass ./app/assets/stylesheets/application.bootstrap.scss:./app/assets/builds/application.css --no-source-map --load-path=node_modules"
    }
  }

yarn manifest: 
  No manifest

Lockfile: 
  No lockfile
